2023-03-18 18:38:36.878 [restartedMain] INFO  - com.ukg.poc.schedulingcalendar.SchedulingCalendarApplication - Starting SchedulingCalendarApplication using Java 1.8.0_341 on CA-69JVJR3 with PID 23944 (C:\Users\raja.ellafi\projects\scheduling-calendar\out\production\scheduling-calendar started by raja.ellafi in C:\Users\raja.ellafi\projects\scheduling-calendar)
2023-03-18 18:38:36.910 [restartedMain] INFO  - com.ukg.poc.schedulingcalendar.SchedulingCalendarApplication - No active profile set, falling back to 1 default profile: "default"
2023-03-18 18:38:36.939 [restartedMain] INFO  - org.springframework.boot.devtools.env.DevToolsPropertyDefaultsPostProcessor - Devtools property defaults active! Set 'spring.devtools.add-properties' to 'false' to disable
2023-03-18 18:38:36.940 [restartedMain] INFO  - org.springframework.boot.devtools.env.DevToolsPropertyDefaultsPostProcessor - For additional web related logging consider setting the 'logging.level.web' property to 'DEBUG'
2023-03-18 18:38:38.099 [restartedMain] INFO  - org.springframework.boot.web.embedded.tomcat.TomcatWebServer - Tomcat initialized with port(s): 8080 (http)
2023-03-18 18:38:38.124 [restartedMain] INFO  - org.apache.coyote.http11.Http11NioProtocol - Initializing ProtocolHandler ["http-nio-8080"]
2023-03-18 18:38:38.124 [restartedMain] INFO  - org.apache.catalina.core.StandardService - Starting service [Tomcat]
2023-03-18 18:38:38.124 [restartedMain] INFO  - org.apache.catalina.core.StandardEngine - Starting Servlet engine: [Apache Tomcat/9.0.71]
2023-03-18 18:38:38.208 [restartedMain] INFO  - org.apache.catalina.core.ContainerBase.[Tomcat].[localhost].[/] - Initializing Spring embedded WebApplicationContext
2023-03-18 18:38:38.208 [restartedMain] INFO  - org.springframework.boot.web.servlet.context.ServletWebServerApplicationContext - Root WebApplicationContext: initialization completed in 1268 ms
2023-03-18 18:38:38.300 [restartedMain] DEBUG - org.springframework.web.filter.CommonsRequestLoggingFilter - Filter 'requestLoggingFilter' configured for use
2023-03-18 18:38:38.520 [restartedMain] INFO  - org.springframework.boot.devtools.autoconfigure.OptionalLiveReloadServer - LiveReload server is running on port 35729
2023-03-18 18:38:38.526 [restartedMain] INFO  - org.apache.coyote.http11.Http11NioProtocol - Starting ProtocolHandler ["http-nio-8080"]
2023-03-18 18:38:38.537 [restartedMain] INFO  - org.springframework.boot.web.embedded.tomcat.TomcatWebServer - Tomcat started on port(s): 8080 (http) with context path ''
2023-03-18 18:38:38.543 [restartedMain] INFO  - com.ukg.poc.schedulingcalendar.SchedulingCalendarApplication - Started SchedulingCalendarApplication in 1.903 seconds (JVM running for 2.559)
2023-03-18 18:38:41.246 [http-nio-8080-exec-1] INFO  - org.apache.catalina.core.ContainerBase.[Tomcat].[localhost].[/] - Initializing Spring DispatcherServlet 'dispatcherServlet'
2023-03-18 18:38:41.247 [http-nio-8080-exec-1] INFO  - org.springframework.web.servlet.DispatcherServlet - Initializing Servlet 'dispatcherServlet'
2023-03-18 18:38:41.248 [http-nio-8080-exec-1] INFO  - org.springframework.web.servlet.DispatcherServlet - Completed initialization in 1 ms
2023-03-18 18:38:41.261 [http-nio-8080-exec-1] DEBUG - org.springframework.web.filter.CommonsRequestLoggingFilter - Before request [GET /sched-calendar/schedules-calendar.ics, client=0:0:0:0:0:0:0:1, session=BB8B340467F4B0757619C01594DA8EEE, headers=[accept-language:"EN", user-agent:"PostmanRuntime/7.31.3", accept:"*/*", postman-token:"a343db8a-0be1-48e2-af61-237cdff300f4", host:"localhost:8080", accept-encoding:"gzip, deflate, br", connection:"keep-alive", cookie:"JSESSIONID=BB8B340467F4B0757619C01594DA8EEE"]]
2023-03-18 18:38:41.276 [http-nio-8080-exec-1] INFO  - com.ukg.poc.schedulingcalendar.rest.SchedulingCalendarRest - ###### Requested client: [RemoteAddr : 0:0:0:0:0:0:0:1,  RemoteHost : 0:0:0:0:0:0:0:1,  RemotePort : 61543,  RemoteUser : null,  UserPrincipal : null] , Session ID : BB8B340467F4B0757619C01594DA8EEE , URI :http://localhost:8080/sched-calendar/schedules-calendar.ics
2023-03-18 18:38:41.288 [http-nio-8080-exec-1] DEBUG - org.springframework.web.filter.CommonsRequestLoggingFilter - After request [GET /sched-calendar/schedules-calendar.ics, client=0:0:0:0:0:0:0:1, session=BB8B340467F4B0757619C01594DA8EEE, headers=[accept-language:"EN", user-agent:"PostmanRuntime/7.31.3", accept:"*/*", postman-token:"a343db8a-0be1-48e2-af61-237cdff300f4", host:"localhost:8080", accept-encoding:"gzip, deflate, br", connection:"keep-alive", cookie:"JSESSIONID=BB8B340467F4B0757619C01594DA8EEE"]]
